# JRE version: OpenJDK Runtime Environment (11.0.1+13) (build 11.0.1+13)
# Java VM: OpenJDK 64-Bit Server VM (11.0.1+13, mixed mode, tiered, compressed oops, g1 gc, windows-amd64)
Heap:
 garbage-first heap   total 312320K, used 123980K [0x0000000702e00000, 0x0000000800000000)
  region size 1024K, 110 young (112640K), 13 survivors (13312K)
 Metaspace       used 71386K, capacity 73168K, committed 73472K, reserved 1114112K
  class space    used 8697K, capacity 9408K, committed 9472K, reserved 1048576K
GC Heap History (10 events):
Event: 5.960 GC heap before
{Heap before GC invocations=8 (full 0):
 garbage-first heap   total 312320K, used 36111K [0x0000000702e00000, 0x0000000800000000)
  region size 1024K, 31 young (31744K), 14 survivors (14336K)
 Metaspace       used 58830K, capacity 60103K, committed 60160K, reserved 1101824K
  class space    used 7362K, capacity 7879K, committed 7936K, reserved 1048576K
}
Event: 5.979 GC heap after
{Heap after GC invocations=9 (full 0):
 garbage-first heap   total 312320K, used 20477K [0x0000000702e00000, 0x0000000800000000)
  region size 1024K, 13 young (13312K), 13 survivors (13312K)
 Metaspace       used 58830K, capacity 60103K, committed 60160K, reserved 1101824K
  class space    used 7362K, capacity 7879K, committed 7936K, reserved 1048576K
}
Event: 825.400 GC heap before
{Heap before GC invocations=10 (full 0):
 garbage-first heap   total 312320K, used 194557K [0x0000000702e00000, 0x0000000800000000)
  region size 1024K, 183 young (187392K), 13 survivors (13312K)
 Metaspace       used 71331K, capacity 73104K, committed 73216K, reserved 1114112K
  class space    used 8692K, capacity 9408K, committed 9472K, reserved 1048576K
}
Event: 825.413 GC heap after
{Heap after GC invocations=11 (full 0):
 garbage-first heap   total 312320K, used 25530K [0x0000000702e00000, 0x0000000800000000)
  region size 1024K, 17 young (17408K), 17 survivors (17408K)
 Metaspace       used 71331K, capacity 73104K, committed 73216K, reserved 1114112K
  class space    used 8692K, capacity 9408K, committed 9472K, reserved 1048576K
}
Event: 829.601 GC heap before
{Heap before GC invocations=11 (full 0):
 garbage-first heap   total 312320K, used 195514K [0x0000000702e00000, 0x0000000800000000)
  region size 1024K, 183 young (187392K), 17 survivors (17408K)
 Metaspace       used 71356K, capacity 73104K, committed 73216K, reserved 1114112K
  class space    used 8695K, capacity 9408K, committed 9472K, reserved 1048576K
}
Event: 829.611 GC heap after
{Heap after GC invocations=12 (full 0):
 garbage-first heap   total 312320K, used 25105K [0x0000000702e00000, 0x0000000800000000)
  region size 1024K, 12 young (12288K), 12 survivors (12288K)
 Metaspace       used 71356K, capacity 73104K, committed 73216K, reserved 1114112K
  class space    used 8695K, capacity 9408K, committed 9472K, reserved 1048576K
}
Event: 832.662 GC heap before
{Heap before GC invocations=12 (full 0):
 garbage-first heap   total 312320K, used 200209K [0x0000000702e00000, 0x0000000800000000)
  region size 1024K, 183 young (187392K), 12 survivors (12288K)
 Metaspace       used 71377K, capacity 73168K, committed 73472K, reserved 1114112K
  class space    used 8695K, capacity 9408K, committed 9472K, reserved 1048576K
}
Event: 832.669 GC heap after
{Heap after GC invocations=13 (full 0):
 garbage-first heap   total 312320K, used 25404K [0x0000000702e00000, 0x0000000800000000)
  region size 1024K, 13 young (13312K), 13 survivors (13312K)
 Metaspace       used 71377K, capacity 73168K, committed 73472K, reserved 1114112K
  class space    used 8695K, capacity 9408K, committed 9472K, reserved 1048576K
}
Event: 835.870 GC heap before
{Heap before GC invocations=13 (full 0):
 garbage-first heap   total 312320K, used 199484K [0x0000000702e00000, 0x0000000800000000)
  region size 1024K, 183 young (187392K), 13 survivors (13312K)
 Metaspace       used 71382K, capacity 73168K, committed 73472K, reserved 1114112K
  class space    used 8696K, capacity 9408K, committed 9472K, reserved 1048576K
}
Event: 835.879 GC heap after
{Heap after GC invocations=14 (full 0):
 garbage-first heap   total 312320K, used 25676K [0x0000000702e00000, 0x0000000800000000)
  region size 1024K, 13 young (13312K), 13 survivors (13312K)
 Metaspace       used 71382K, capacity 73168K, committed 73472K, reserved 1114112K
  class space    used 8696K, capacity 9408K, committed 9472K, reserved 1048576K
}

