# JRE version: OpenJDK Runtime Environment (11.0.1+13) (build 11.0.1+13)
# Java VM: OpenJDK 64-Bit Server VM (11.0.1+13, mixed mode, tiered, compressed oops, g1 gc, windows-amd64)
Heap:
 garbage-first heap   total 312320K, used 104731K [0x0000000702e00000, 0x0000000800000000)
  region size 1024K, 91 young (93184K), 12 survivors (12288K)
 Metaspace       used 71523K, capacity 73242K, committed 73472K, reserved 1114112K
  class space    used 8707K, capacity 9411K, committed 9472K, reserved 1048576K
GC Heap History (10 events):
Event: 4.584 GC heap before
{Heap before GC invocations=7 (full 0):
 garbage-first heap   total 312320K, used 161218K [0x0000000702e00000, 0x0000000800000000)
  region size 1024K, 153 young (156672K), 8 survivors (8192K)
 Metaspace       used 58863K, capacity 60101K, committed 60160K, reserved 1101824K
  class space    used 7357K, capacity 7878K, committed 7936K, reserved 1048576K
}
Event: 4.603 GC heap after
{Heap after GC invocations=8 (full 0):
 garbage-first heap   total 312320K, used 20425K [0x0000000702e00000, 0x0000000800000000)
  region size 1024K, 14 young (14336K), 14 survivors (14336K)
 Metaspace       used 58863K, capacity 60101K, committed 60160K, reserved 1101824K
  class space    used 7357K, capacity 7878K, committed 7936K, reserved 1048576K
}
Event: 95.520 GC heap before
{Heap before GC invocations=9 (full 0):
 garbage-first heap   total 312320K, used 193481K [0x0000000702e00000, 0x0000000800000000)
  region size 1024K, 183 young (187392K), 14 survivors (14336K)
 Metaspace       used 71347K, capacity 73122K, committed 73472K, reserved 1114112K
  class space    used 8688K, capacity 9371K, committed 9472K, reserved 1048576K
}
Event: 95.534 GC heap after
{Heap after GC invocations=10 (full 0):
 garbage-first heap   total 312320K, used 25074K [0x0000000702e00000, 0x0000000800000000)
  region size 1024K, 17 young (17408K), 17 survivors (17408K)
 Metaspace       used 71347K, capacity 73122K, committed 73472K, reserved 1114112K
  class space    used 8688K, capacity 9371K, committed 9472K, reserved 1048576K
}
Event: 101.387 GC heap before
{Heap before GC invocations=10 (full 0):
 garbage-first heap   total 312320K, used 195058K [0x0000000702e00000, 0x0000000800000000)
  region size 1024K, 183 young (187392K), 17 survivors (17408K)
 Metaspace       used 71382K, capacity 73122K, committed 73472K, reserved 1114112K
  class space    used 8691K, capacity 9371K, committed 9472K, reserved 1048576K
}
Event: 101.398 GC heap after
{Heap after GC invocations=11 (full 0):
 garbage-first heap   total 312320K, used 25287K [0x0000000702e00000, 0x0000000800000000)
  region size 1024K, 13 young (13312K), 13 survivors (13312K)
 Metaspace       used 71382K, capacity 73122K, committed 73472K, reserved 1114112K
  class space    used 8691K, capacity 9371K, committed 9472K, reserved 1048576K
}
Event: 107.451 GC heap before
{Heap before GC invocations=11 (full 0):
 garbage-first heap   total 312320K, used 199367K [0x0000000702e00000, 0x0000000800000000)
  region size 1024K, 183 young (187392K), 13 survivors (13312K)
 Metaspace       used 71401K, capacity 73122K, committed 73472K, reserved 1114112K
  class space    used 8691K, capacity 9371K, committed 9472K, reserved 1048576K
}
Event: 107.459 GC heap after
{Heap after GC invocations=12 (full 0):
 garbage-first heap   total 312320K, used 25530K [0x0000000702e00000, 0x0000000800000000)
  region size 1024K, 13 young (13312K), 13 survivors (13312K)
 Metaspace       used 71401K, capacity 73122K, committed 73472K, reserved 1114112K
  class space    used 8691K, capacity 9371K, committed 9472K, reserved 1048576K
}
Event: 113.054 GC heap before
{Heap before GC invocations=12 (full 0):
 garbage-first heap   total 312320K, used 199610K [0x0000000702e00000, 0x0000000800000000)
  region size 1024K, 183 young (187392K), 13 survivors (13312K)
 Metaspace       used 71407K, capacity 73122K, committed 73472K, reserved 1114112K
  class space    used 8692K, capacity 9371K, committed 9472K, reserved 1048576K
}
Event: 113.063 GC heap after
{Heap after GC invocations=13 (full 0):
 garbage-first heap   total 312320K, used 24859K [0x0000000702e00000, 0x0000000800000000)
  region size 1024K, 12 young (12288K), 12 survivors (12288K)
 Metaspace       used 71407K, capacity 73122K, committed 73472K, reserved 1114112K
  class space    used 8692K, capacity 9371K, committed 9472K, reserved 1048576K
}

