# JRE version: OpenJDK Runtime Environment (11.0.1+13) (build 11.0.1+13)
# Java VM: OpenJDK 64-Bit Server VM (11.0.1+13, mixed mode, tiered, compressed oops, g1 gc, windows-amd64)
Heap:
 garbage-first heap   total 312320K, used 109415K [0x0000000702e00000, 0x0000000800000000)
  region size 1024K, 95 young (97280K), 12 survivors (12288K)
 Metaspace       used 71314K, capacity 73091K, committed 73216K, reserved 1114112K
  class space    used 8689K, capacity 9404K, committed 9472K, reserved 1048576K
GC Heap History (10 events):
Event: 6.831 GC heap before
{Heap before GC invocations=8 (full 0):
 garbage-first heap   total 260096K, used 55973K [0x0000000702e00000, 0x0000000800000000)
  region size 1024K, 50 young (51200K), 13 survivors (13312K)
 Metaspace       used 58867K, capacity 60103K, committed 60160K, reserved 1101824K
  class space    used 7358K, capacity 7879K, committed 7936K, reserved 1048576K
}
Event: 6.854 GC heap after
{Heap after GC invocations=9 (full 0):
 garbage-first heap   total 312320K, used 20888K [0x0000000702e00000, 0x0000000800000000)
  region size 1024K, 10 young (10240K), 10 survivors (10240K)
 Metaspace       used 58867K, capacity 60103K, committed 60160K, reserved 1101824K
  class space    used 7358K, capacity 7879K, committed 7936K, reserved 1048576K
}
Event: 81.718 GC heap before
{Heap before GC invocations=10 (full 0):
 garbage-first heap   total 312320K, used 198040K [0x0000000702e00000, 0x0000000800000000)
  region size 1024K, 183 young (187392K), 10 survivors (10240K)
 Metaspace       used 71255K, capacity 73091K, committed 73216K, reserved 1114112K
  class space    used 8685K, capacity 9404K, committed 9472K, reserved 1048576K
}
Event: 81.728 GC heap after
{Heap after GC invocations=11 (full 0):
 garbage-first heap   total 312320K, used 25682K [0x0000000702e00000, 0x0000000800000000)
  region size 1024K, 15 young (15360K), 15 survivors (15360K)
 Metaspace       used 71255K, capacity 73091K, committed 73216K, reserved 1114112K
  class space    used 8685K, capacity 9404K, committed 9472K, reserved 1048576K
}
Event: 87.686 GC heap before
{Heap before GC invocations=11 (full 0):
 garbage-first heap   total 312320K, used 197714K [0x0000000702e00000, 0x0000000800000000)
  region size 1024K, 183 young (187392K), 15 survivors (15360K)
 Metaspace       used 71300K, capacity 73091K, committed 73216K, reserved 1114112K
  class space    used 8688K, capacity 9404K, committed 9472K, reserved 1048576K
}
Event: 87.695 GC heap after
{Heap after GC invocations=12 (full 0):
 garbage-first heap   total 312320K, used 25350K [0x0000000702e00000, 0x0000000800000000)
  region size 1024K, 12 young (12288K), 12 survivors (12288K)
 Metaspace       used 71300K, capacity 73091K, committed 73216K, reserved 1114112K
  class space    used 8688K, capacity 9404K, committed 9472K, reserved 1048576K
}
Event: 94.080 GC heap before
{Heap before GC invocations=12 (full 0):
 garbage-first heap   total 312320K, used 200454K [0x0000000702e00000, 0x0000000800000000)
  region size 1024K, 183 young (187392K), 12 survivors (12288K)
 Metaspace       used 71303K, capacity 73091K, committed 73216K, reserved 1114112K
  class space    used 8688K, capacity 9404K, committed 9472K, reserved 1048576K
}
Event: 94.087 GC heap after
{Heap after GC invocations=13 (full 0):
 garbage-first heap   total 312320K, used 25735K [0x0000000702e00000, 0x0000000800000000)
  region size 1024K, 13 young (13312K), 13 survivors (13312K)
 Metaspace       used 71303K, capacity 73091K, committed 73216K, reserved 1114112K
  class space    used 8688K, capacity 9404K, committed 9472K, reserved 1048576K
}
Event: 100.084 GC heap before
{Heap before GC invocations=13 (full 0):
 garbage-first heap   total 312320K, used 199815K [0x0000000702e00000, 0x0000000800000000)
  region size 1024K, 183 young (187392K), 13 survivors (13312K)
 Metaspace       used 71307K, capacity 73091K, committed 73216K, reserved 1114112K
  class space    used 8688K, capacity 9404K, committed 9472K, reserved 1048576K
}
Event: 100.092 GC heap after
{Heap after GC invocations=14 (full 0):
 garbage-first heap   total 312320K, used 25447K [0x0000000702e00000, 0x0000000800000000)
  region size 1024K, 12 young (12288K), 12 survivors (12288K)
 Metaspace       used 71307K, capacity 73091K, committed 73216K, reserved 1114112K
  class space    used 8688K, capacity 9404K, committed 9472K, reserved 1048576K
}

